2024-12-07 03:09:30,572 - INFO - Logging setup complete. Logs will be saved to 'app.log' and displayed on the console.
2024-12-07 03:09:36,665 - INFO - Container 1fd2ef3aa7c2 restarted successfully on port 32783
2024-12-07 03:09:41,148 - INFO - Running Ansible playbook on hosts: {'container_1fd2ef3aa7c2': {'ansible_host': 'localhost', 'ansible_port': '32783', 'ansible_user': 'root', 'ansible_ssh_private_key_file': '/root/.ssh/docker_container_key', 'ansible_ssh_extra_args': '-o StrictHostKeyChecking=no'}}
2024-12-07 03:09:44,247 - INFO - Running Ansible playbook on hosts: {'container_1fd2ef3aa7c2': {'ansible_host': 'localhost', 'ansible_port': '32783', 'ansible_user': 'root', 'ansible_ssh_private_key_file': '/root/.ssh/docker_container_key', 'ansible_ssh_extra_args': '-o StrictHostKeyChecking=no'}}
2024-12-07 03:09:46,777 - INFO - Running Ansible playbook on hosts: {'container_1fd2ef3aa7c2': {'ansible_host': 'localhost', 'ansible_port': '32783', 'ansible_user': 'root', 'ansible_ssh_private_key_file': '/root/.ssh/docker_container_key', 'ansible_ssh_extra_args': '-o StrictHostKeyChecking=no'}}
2024-12-07 03:09:49,338 - INFO - Running Ansible playbook on hosts: {'container_1fd2ef3aa7c2': {'ansible_host': 'localhost', 'ansible_port': '32783', 'ansible_user': 'root', 'ansible_ssh_private_key_file': '/root/.ssh/docker_container_key', 'ansible_ssh_extra_args': '-o StrictHostKeyChecking=no'}}
2024-12-07 03:09:52,043 - INFO - Running Ansible playbook on hosts: {'container_1fd2ef3aa7c2': {'ansible_host': 'localhost', 'ansible_port': '32783', 'ansible_user': 'root', 'ansible_ssh_private_key_file': '/root/.ssh/docker_container_key', 'ansible_ssh_extra_args': '-o StrictHostKeyChecking=no'}}
2024-12-07 03:09:54,799 - INFO - Running Ansible playbook on hosts: {'container_1fd2ef3aa7c2': {'ansible_host': 'localhost', 'ansible_port': '32783', 'ansible_user': 'root', 'ansible_ssh_private_key_file': '/root/.ssh/docker_container_key', 'ansible_ssh_extra_args': '-o StrictHostKeyChecking=no'}}
2024-12-07 03:09:57,318 - INFO - Running Ansible playbook on hosts: {'container_1fd2ef3aa7c2': {'ansible_host': 'localhost', 'ansible_port': '32783', 'ansible_user': 'root', 'ansible_ssh_private_key_file': '/root/.ssh/docker_container_key', 'ansible_ssh_extra_args': '-o StrictHostKeyChecking=no'}}
2024-12-07 03:09:59,825 - INFO - Running Ansible playbook on hosts: {'container_1fd2ef3aa7c2': {'ansible_host': 'localhost', 'ansible_port': '32783', 'ansible_user': 'root', 'ansible_ssh_private_key_file': '/root/.ssh/docker_container_key', 'ansible_ssh_extra_args': '-o StrictHostKeyChecking=no'}}
2024-12-07 03:11:12,328 - INFO - Running Ansible playbook on hosts: {'container_1fd2ef3aa7c2': {'ansible_host': 'localhost', 'ansible_port': '32783', 'ansible_user': 'root', 'ansible_ssh_private_key_file': '/root/.ssh/docker_container_key', 'ansible_ssh_extra_args': '-o StrictHostKeyChecking=no'}}
2024-12-07 03:11:15,436 - INFO - Running Ansible playbook on hosts: {'container_1fd2ef3aa7c2': {'ansible_host': 'localhost', 'ansible_port': '32783', 'ansible_user': 'root', 'ansible_ssh_private_key_file': '/root/.ssh/docker_container_key', 'ansible_ssh_extra_args': '-o StrictHostKeyChecking=no'}}
2024-12-07 03:11:18,332 - INFO - Running Ansible playbook on hosts: {'container_1fd2ef3aa7c2': {'ansible_host': 'localhost', 'ansible_port': '32783', 'ansible_user': 'root', 'ansible_ssh_private_key_file': '/root/.ssh/docker_container_key', 'ansible_ssh_extra_args': '-o StrictHostKeyChecking=no'}}
2024-12-07 03:11:20,883 - INFO - Running Ansible playbook on hosts: {'container_1fd2ef3aa7c2': {'ansible_host': 'localhost', 'ansible_port': '32783', 'ansible_user': 'root', 'ansible_ssh_private_key_file': '/root/.ssh/docker_container_key', 'ansible_ssh_extra_args': '-o StrictHostKeyChecking=no'}}
2024-12-07 03:11:23,872 - INFO - Running Ansible playbook on hosts: {'container_1fd2ef3aa7c2': {'ansible_host': 'localhost', 'ansible_port': '32783', 'ansible_user': 'root', 'ansible_ssh_private_key_file': '/root/.ssh/docker_container_key', 'ansible_ssh_extra_args': '-o StrictHostKeyChecking=no'}}
2024-12-07 03:11:27,279 - INFO - Running Ansible playbook on hosts: {'container_1fd2ef3aa7c2': {'ansible_host': 'localhost', 'ansible_port': '32783', 'ansible_user': 'root', 'ansible_ssh_private_key_file': '/root/.ssh/docker_container_key', 'ansible_ssh_extra_args': '-o StrictHostKeyChecking=no'}}
2024-12-07 03:11:30,442 - INFO - Running Ansible playbook on hosts: {'container_1fd2ef3aa7c2': {'ansible_host': 'localhost', 'ansible_port': '32783', 'ansible_user': 'root', 'ansible_ssh_private_key_file': '/root/.ssh/docker_container_key', 'ansible_ssh_extra_args': '-o StrictHostKeyChecking=no'}}
2024-12-07 03:11:33,665 - INFO - Running Ansible playbook on hosts: {'container_1fd2ef3aa7c2': {'ansible_host': 'localhost', 'ansible_port': '32783', 'ansible_user': 'root', 'ansible_ssh_private_key_file': '/root/.ssh/docker_container_key', 'ansible_ssh_extra_args': '-o StrictHostKeyChecking=no'}}
2024-12-07 03:13:32,837 - INFO - Running Ansible playbook on hosts: {'container_1fd2ef3aa7c2': {'ansible_host': 'localhost', 'ansible_port': '32783', 'ansible_user': 'root', 'ansible_ssh_private_key_file': '/root/.ssh/docker_container_key', 'ansible_ssh_extra_args': '-o StrictHostKeyChecking=no'}}
2024-12-07 03:13:36,009 - INFO - Running Ansible playbook on hosts: {'container_1fd2ef3aa7c2': {'ansible_host': 'localhost', 'ansible_port': '32783', 'ansible_user': 'root', 'ansible_ssh_private_key_file': '/root/.ssh/docker_container_key', 'ansible_ssh_extra_args': '-o StrictHostKeyChecking=no'}}
2024-12-07 03:13:38,593 - INFO - Running Ansible playbook on hosts: {'container_1fd2ef3aa7c2': {'ansible_host': 'localhost', 'ansible_port': '32783', 'ansible_user': 'root', 'ansible_ssh_private_key_file': '/root/.ssh/docker_container_key', 'ansible_ssh_extra_args': '-o StrictHostKeyChecking=no'}}
2024-12-07 03:13:41,296 - INFO - Running Ansible playbook on hosts: {'container_1fd2ef3aa7c2': {'ansible_host': 'localhost', 'ansible_port': '32783', 'ansible_user': 'root', 'ansible_ssh_private_key_file': '/root/.ssh/docker_container_key', 'ansible_ssh_extra_args': '-o StrictHostKeyChecking=no'}}
2024-12-07 03:13:44,059 - INFO - Running Ansible playbook on hosts: {'container_1fd2ef3aa7c2': {'ansible_host': 'localhost', 'ansible_port': '32783', 'ansible_user': 'root', 'ansible_ssh_private_key_file': '/root/.ssh/docker_container_key', 'ansible_ssh_extra_args': '-o StrictHostKeyChecking=no'}}
2024-12-07 03:13:46,622 - INFO - Running Ansible playbook on hosts: {'container_1fd2ef3aa7c2': {'ansible_host': 'localhost', 'ansible_port': '32783', 'ansible_user': 'root', 'ansible_ssh_private_key_file': '/root/.ssh/docker_container_key', 'ansible_ssh_extra_args': '-o StrictHostKeyChecking=no'}}
2024-12-07 03:13:49,242 - INFO - Running Ansible playbook on hosts: {'container_1fd2ef3aa7c2': {'ansible_host': 'localhost', 'ansible_port': '32783', 'ansible_user': 'root', 'ansible_ssh_private_key_file': '/root/.ssh/docker_container_key', 'ansible_ssh_extra_args': '-o StrictHostKeyChecking=no'}}
2024-12-07 03:13:51,787 - INFO - Running Ansible playbook on hosts: {'container_1fd2ef3aa7c2': {'ansible_host': 'localhost', 'ansible_port': '32783', 'ansible_user': 'root', 'ansible_ssh_private_key_file': '/root/.ssh/docker_container_key', 'ansible_ssh_extra_args': '-o StrictHostKeyChecking=no'}}
2024-12-07 03:14:11,542 - INFO - Running Ansible playbook on hosts: {'container_1fd2ef3aa7c2': {'ansible_host': 'localhost', 'ansible_port': '32783', 'ansible_user': 'root', 'ansible_ssh_private_key_file': '/root/.ssh/docker_container_key', 'ansible_ssh_extra_args': '-o StrictHostKeyChecking=no'}}
2024-12-07 03:14:14,560 - INFO - Running Ansible playbook on hosts: {'container_1fd2ef3aa7c2': {'ansible_host': 'localhost', 'ansible_port': '32783', 'ansible_user': 'root', 'ansible_ssh_private_key_file': '/root/.ssh/docker_container_key', 'ansible_ssh_extra_args': '-o StrictHostKeyChecking=no'}}
2024-12-07 03:14:17,593 - INFO - Running Ansible playbook on hosts: {'container_1fd2ef3aa7c2': {'ansible_host': 'localhost', 'ansible_port': '32783', 'ansible_user': 'root', 'ansible_ssh_private_key_file': '/root/.ssh/docker_container_key', 'ansible_ssh_extra_args': '-o StrictHostKeyChecking=no'}}
2024-12-07 03:14:20,721 - INFO - Running Ansible playbook on hosts: {'container_1fd2ef3aa7c2': {'ansible_host': 'localhost', 'ansible_port': '32783', 'ansible_user': 'root', 'ansible_ssh_private_key_file': '/root/.ssh/docker_container_key', 'ansible_ssh_extra_args': '-o StrictHostKeyChecking=no'}}
2024-12-07 03:14:23,597 - INFO - Running Ansible playbook on hosts: {'container_1fd2ef3aa7c2': {'ansible_host': 'localhost', 'ansible_port': '32783', 'ansible_user': 'root', 'ansible_ssh_private_key_file': '/root/.ssh/docker_container_key', 'ansible_ssh_extra_args': '-o StrictHostKeyChecking=no'}}
2024-12-07 03:14:26,836 - INFO - Running Ansible playbook on hosts: {'container_1fd2ef3aa7c2': {'ansible_host': 'localhost', 'ansible_port': '32783', 'ansible_user': 'root', 'ansible_ssh_private_key_file': '/root/.ssh/docker_container_key', 'ansible_ssh_extra_args': '-o StrictHostKeyChecking=no'}}
2024-12-07 03:14:29,439 - INFO - Running Ansible playbook on hosts: {'container_1fd2ef3aa7c2': {'ansible_host': 'localhost', 'ansible_port': '32783', 'ansible_user': 'root', 'ansible_ssh_private_key_file': '/root/.ssh/docker_container_key', 'ansible_ssh_extra_args': '-o StrictHostKeyChecking=no'}}
2024-12-07 03:14:32,211 - INFO - Running Ansible playbook on hosts: {'container_1fd2ef3aa7c2': {'ansible_host': 'localhost', 'ansible_port': '32783', 'ansible_user': 'root', 'ansible_ssh_private_key_file': '/root/.ssh/docker_container_key', 'ansible_ssh_extra_args': '-o StrictHostKeyChecking=no'}}
2024-12-07 03:18:32,093 - INFO - Running Ansible playbook on hosts: {'container_1fd2ef3aa7c2': {'ansible_host': 'localhost', 'ansible_port': '32783', 'ansible_user': 'root', 'ansible_ssh_private_key_file': '/root/.ssh/docker_container_key', 'ansible_ssh_extra_args': '-o StrictHostKeyChecking=no'}}
2024-12-07 03:18:35,145 - INFO - Running Ansible playbook on hosts: {'container_1fd2ef3aa7c2': {'ansible_host': 'localhost', 'ansible_port': '32783', 'ansible_user': 'root', 'ansible_ssh_private_key_file': '/root/.ssh/docker_container_key', 'ansible_ssh_extra_args': '-o StrictHostKeyChecking=no'}}
2024-12-07 03:18:37,625 - INFO - Running Ansible playbook on hosts: {'container_1fd2ef3aa7c2': {'ansible_host': 'localhost', 'ansible_port': '32783', 'ansible_user': 'root', 'ansible_ssh_private_key_file': '/root/.ssh/docker_container_key', 'ansible_ssh_extra_args': '-o StrictHostKeyChecking=no'}}
2024-12-07 03:18:40,145 - INFO - Running Ansible playbook on hosts: {'container_1fd2ef3aa7c2': {'ansible_host': 'localhost', 'ansible_port': '32783', 'ansible_user': 'root', 'ansible_ssh_private_key_file': '/root/.ssh/docker_container_key', 'ansible_ssh_extra_args': '-o StrictHostKeyChecking=no'}}
2024-12-07 03:18:42,771 - INFO - Running Ansible playbook on hosts: {'container_1fd2ef3aa7c2': {'ansible_host': 'localhost', 'ansible_port': '32783', 'ansible_user': 'root', 'ansible_ssh_private_key_file': '/root/.ssh/docker_container_key', 'ansible_ssh_extra_args': '-o StrictHostKeyChecking=no'}}
2024-12-07 03:18:45,448 - INFO - Running Ansible playbook on hosts: {'container_1fd2ef3aa7c2': {'ansible_host': 'localhost', 'ansible_port': '32783', 'ansible_user': 'root', 'ansible_ssh_private_key_file': '/root/.ssh/docker_container_key', 'ansible_ssh_extra_args': '-o StrictHostKeyChecking=no'}}
2024-12-07 03:18:47,927 - INFO - Running Ansible playbook on hosts: {'container_1fd2ef3aa7c2': {'ansible_host': 'localhost', 'ansible_port': '32783', 'ansible_user': 'root', 'ansible_ssh_private_key_file': '/root/.ssh/docker_container_key', 'ansible_ssh_extra_args': '-o StrictHostKeyChecking=no'}}
2024-12-07 03:18:50,481 - INFO - Running Ansible playbook on hosts: {'container_1fd2ef3aa7c2': {'ansible_host': 'localhost', 'ansible_port': '32783', 'ansible_user': 'root', 'ansible_ssh_private_key_file': '/root/.ssh/docker_container_key', 'ansible_ssh_extra_args': '-o StrictHostKeyChecking=no'}}
2024-12-07 03:19:13,894 - INFO - Running Ansible playbook on hosts: {'container_1fd2ef3aa7c2': {'ansible_host': 'localhost', 'ansible_port': '32783', 'ansible_user': 'root', 'ansible_ssh_private_key_file': '/root/.ssh/docker_container_key', 'ansible_ssh_extra_args': '-o StrictHostKeyChecking=no'}}
2024-12-07 03:19:16,592 - INFO - Running Ansible playbook on hosts: {'container_1fd2ef3aa7c2': {'ansible_host': 'localhost', 'ansible_port': '32783', 'ansible_user': 'root', 'ansible_ssh_private_key_file': '/root/.ssh/docker_container_key', 'ansible_ssh_extra_args': '-o StrictHostKeyChecking=no'}}
2024-12-07 03:19:19,145 - INFO - Running Ansible playbook on hosts: {'container_1fd2ef3aa7c2': {'ansible_host': 'localhost', 'ansible_port': '32783', 'ansible_user': 'root', 'ansible_ssh_private_key_file': '/root/.ssh/docker_container_key', 'ansible_ssh_extra_args': '-o StrictHostKeyChecking=no'}}
2024-12-07 03:19:21,871 - INFO - Running Ansible playbook on hosts: {'container_1fd2ef3aa7c2': {'ansible_host': 'localhost', 'ansible_port': '32783', 'ansible_user': 'root', 'ansible_ssh_private_key_file': '/root/.ssh/docker_container_key', 'ansible_ssh_extra_args': '-o StrictHostKeyChecking=no'}}
2024-12-07 03:19:24,680 - INFO - Running Ansible playbook on hosts: {'container_1fd2ef3aa7c2': {'ansible_host': 'localhost', 'ansible_port': '32783', 'ansible_user': 'root', 'ansible_ssh_private_key_file': '/root/.ssh/docker_container_key', 'ansible_ssh_extra_args': '-o StrictHostKeyChecking=no'}}
2024-12-07 03:19:27,180 - INFO - Running Ansible playbook on hosts: {'container_1fd2ef3aa7c2': {'ansible_host': 'localhost', 'ansible_port': '32783', 'ansible_user': 'root', 'ansible_ssh_private_key_file': '/root/.ssh/docker_container_key', 'ansible_ssh_extra_args': '-o StrictHostKeyChecking=no'}}
2024-12-07 03:19:29,659 - INFO - Running Ansible playbook on hosts: {'container_1fd2ef3aa7c2': {'ansible_host': 'localhost', 'ansible_port': '32783', 'ansible_user': 'root', 'ansible_ssh_private_key_file': '/root/.ssh/docker_container_key', 'ansible_ssh_extra_args': '-o StrictHostKeyChecking=no'}}
2024-12-07 03:19:32,205 - INFO - Running Ansible playbook on hosts: {'container_1fd2ef3aa7c2': {'ansible_host': 'localhost', 'ansible_port': '32783', 'ansible_user': 'root', 'ansible_ssh_private_key_file': '/root/.ssh/docker_container_key', 'ansible_ssh_extra_args': '-o StrictHostKeyChecking=no'}}
2024-12-07 03:19:34,639 - INFO - Running Ansible playbook on hosts: {'container_1fd2ef3aa7c2': {'ansible_host': 'localhost', 'ansible_port': '32783', 'ansible_user': 'root', 'ansible_ssh_private_key_file': '/root/.ssh/docker_container_key', 'ansible_ssh_extra_args': '-o StrictHostKeyChecking=no'}}
2024-12-07 03:19:37,490 - INFO - Running Ansible playbook on hosts: {'container_1fd2ef3aa7c2': {'ansible_host': 'localhost', 'ansible_port': '32783', 'ansible_user': 'root', 'ansible_ssh_private_key_file': '/root/.ssh/docker_container_key', 'ansible_ssh_extra_args': '-o StrictHostKeyChecking=no'}}
2024-12-07 03:19:40,455 - INFO - Running Ansible playbook on hosts: {'container_1fd2ef3aa7c2': {'ansible_host': 'localhost', 'ansible_port': '32783', 'ansible_user': 'root', 'ansible_ssh_private_key_file': '/root/.ssh/docker_container_key', 'ansible_ssh_extra_args': '-o StrictHostKeyChecking=no'}}
2024-12-07 03:19:43,054 - INFO - Running Ansible playbook on hosts: {'container_1fd2ef3aa7c2': {'ansible_host': 'localhost', 'ansible_port': '32783', 'ansible_user': 'root', 'ansible_ssh_private_key_file': '/root/.ssh/docker_container_key', 'ansible_ssh_extra_args': '-o StrictHostKeyChecking=no'}}
2024-12-07 03:19:46,031 - INFO - Running Ansible playbook on hosts: {'container_1fd2ef3aa7c2': {'ansible_host': 'localhost', 'ansible_port': '32783', 'ansible_user': 'root', 'ansible_ssh_private_key_file': '/root/.ssh/docker_container_key', 'ansible_ssh_extra_args': '-o StrictHostKeyChecking=no'}}
2024-12-07 03:19:48,637 - INFO - Running Ansible playbook on hosts: {'container_1fd2ef3aa7c2': {'ansible_host': 'localhost', 'ansible_port': '32783', 'ansible_user': 'root', 'ansible_ssh_private_key_file': '/root/.ssh/docker_container_key', 'ansible_ssh_extra_args': '-o StrictHostKeyChecking=no'}}
2024-12-07 03:19:51,414 - INFO - Running Ansible playbook on hosts: {'container_1fd2ef3aa7c2': {'ansible_host': 'localhost', 'ansible_port': '32783', 'ansible_user': 'root', 'ansible_ssh_private_key_file': '/root/.ssh/docker_container_key', 'ansible_ssh_extra_args': '-o StrictHostKeyChecking=no'}}
2024-12-07 03:19:54,622 - INFO - Running Ansible playbook on hosts: {'container_1fd2ef3aa7c2': {'ansible_host': 'localhost', 'ansible_port': '32783', 'ansible_user': 'root', 'ansible_ssh_private_key_file': '/root/.ssh/docker_container_key', 'ansible_ssh_extra_args': '-o StrictHostKeyChecking=no'}}
2024-12-07 03:20:05,813 - INFO - Running Ansible playbook on hosts: {'container_1fd2ef3aa7c2': {'ansible_host': 'localhost', 'ansible_port': '32783', 'ansible_user': 'root', 'ansible_ssh_private_key_file': '/root/.ssh/docker_container_key', 'ansible_ssh_extra_args': '-o StrictHostKeyChecking=no'}}
2024-12-07 03:20:08,442 - INFO - Running Ansible playbook on hosts: {'container_1fd2ef3aa7c2': {'ansible_host': 'localhost', 'ansible_port': '32783', 'ansible_user': 'root', 'ansible_ssh_private_key_file': '/root/.ssh/docker_container_key', 'ansible_ssh_extra_args': '-o StrictHostKeyChecking=no'}}
2024-12-07 03:20:11,025 - INFO - Running Ansible playbook on hosts: {'container_1fd2ef3aa7c2': {'ansible_host': 'localhost', 'ansible_port': '32783', 'ansible_user': 'root', 'ansible_ssh_private_key_file': '/root/.ssh/docker_container_key', 'ansible_ssh_extra_args': '-o StrictHostKeyChecking=no'}}
2024-12-07 03:20:14,157 - INFO - Running Ansible playbook on hosts: {'container_1fd2ef3aa7c2': {'ansible_host': 'localhost', 'ansible_port': '32783', 'ansible_user': 'root', 'ansible_ssh_private_key_file': '/root/.ssh/docker_container_key', 'ansible_ssh_extra_args': '-o StrictHostKeyChecking=no'}}
2024-12-07 03:20:17,810 - INFO - Running Ansible playbook on hosts: {'container_1fd2ef3aa7c2': {'ansible_host': 'localhost', 'ansible_port': '32783', 'ansible_user': 'root', 'ansible_ssh_private_key_file': '/root/.ssh/docker_container_key', 'ansible_ssh_extra_args': '-o StrictHostKeyChecking=no'}}
2024-12-07 03:20:21,451 - INFO - Running Ansible playbook on hosts: {'container_1fd2ef3aa7c2': {'ansible_host': 'localhost', 'ansible_port': '32783', 'ansible_user': 'root', 'ansible_ssh_private_key_file': '/root/.ssh/docker_container_key', 'ansible_ssh_extra_args': '-o StrictHostKeyChecking=no'}}
2024-12-07 03:20:24,988 - INFO - Running Ansible playbook on hosts: {'container_1fd2ef3aa7c2': {'ansible_host': 'localhost', 'ansible_port': '32783', 'ansible_user': 'root', 'ansible_ssh_private_key_file': '/root/.ssh/docker_container_key', 'ansible_ssh_extra_args': '-o StrictHostKeyChecking=no'}}
2024-12-07 03:20:28,565 - INFO - Running Ansible playbook on hosts: {'container_1fd2ef3aa7c2': {'ansible_host': 'localhost', 'ansible_port': '32783', 'ansible_user': 'root', 'ansible_ssh_private_key_file': '/root/.ssh/docker_container_key', 'ansible_ssh_extra_args': '-o StrictHostKeyChecking=no'}}
2024-12-07 03:20:35,104 - INFO - Running Ansible playbook on hosts: {'container_1fd2ef3aa7c2': {'ansible_host': 'localhost', 'ansible_port': '32783', 'ansible_user': 'root', 'ansible_ssh_private_key_file': '/root/.ssh/docker_container_key', 'ansible_ssh_extra_args': '-o StrictHostKeyChecking=no'}}
2024-12-07 03:20:37,906 - INFO - Running Ansible playbook on hosts: {'container_1fd2ef3aa7c2': {'ansible_host': 'localhost', 'ansible_port': '32783', 'ansible_user': 'root', 'ansible_ssh_private_key_file': '/root/.ssh/docker_container_key', 'ansible_ssh_extra_args': '-o StrictHostKeyChecking=no'}}
2024-12-07 03:20:40,635 - INFO - Running Ansible playbook on hosts: {'container_1fd2ef3aa7c2': {'ansible_host': 'localhost', 'ansible_port': '32783', 'ansible_user': 'root', 'ansible_ssh_private_key_file': '/root/.ssh/docker_container_key', 'ansible_ssh_extra_args': '-o StrictHostKeyChecking=no'}}
2024-12-07 03:20:43,434 - INFO - Running Ansible playbook on hosts: {'container_1fd2ef3aa7c2': {'ansible_host': 'localhost', 'ansible_port': '32783', 'ansible_user': 'root', 'ansible_ssh_private_key_file': '/root/.ssh/docker_container_key', 'ansible_ssh_extra_args': '-o StrictHostKeyChecking=no'}}
2024-12-07 03:20:46,332 - INFO - Running Ansible playbook on hosts: {'container_1fd2ef3aa7c2': {'ansible_host': 'localhost', 'ansible_port': '32783', 'ansible_user': 'root', 'ansible_ssh_private_key_file': '/root/.ssh/docker_container_key', 'ansible_ssh_extra_args': '-o StrictHostKeyChecking=no'}}
2024-12-07 03:20:50,195 - INFO - Running Ansible playbook on hosts: {'container_1fd2ef3aa7c2': {'ansible_host': 'localhost', 'ansible_port': '32783', 'ansible_user': 'root', 'ansible_ssh_private_key_file': '/root/.ssh/docker_container_key', 'ansible_ssh_extra_args': '-o StrictHostKeyChecking=no'}}
2024-12-07 03:20:54,144 - INFO - Running Ansible playbook on hosts: {'container_1fd2ef3aa7c2': {'ansible_host': 'localhost', 'ansible_port': '32783', 'ansible_user': 'root', 'ansible_ssh_private_key_file': '/root/.ssh/docker_container_key', 'ansible_ssh_extra_args': '-o StrictHostKeyChecking=no'}}
2024-12-07 03:20:57,687 - INFO - Running Ansible playbook on hosts: {'container_1fd2ef3aa7c2': {'ansible_host': 'localhost', 'ansible_port': '32783', 'ansible_user': 'root', 'ansible_ssh_private_key_file': '/root/.ssh/docker_container_key', 'ansible_ssh_extra_args': '-o StrictHostKeyChecking=no'}}
2024-12-07 03:21:05,105 - INFO - Running Ansible playbook on hosts: {'container_1fd2ef3aa7c2': {'ansible_host': 'localhost', 'ansible_port': '32783', 'ansible_user': 'root', 'ansible_ssh_private_key_file': '/root/.ssh/docker_container_key', 'ansible_ssh_extra_args': '-o StrictHostKeyChecking=no'}}
2024-12-07 03:21:08,200 - INFO - Running Ansible playbook on hosts: {'container_1fd2ef3aa7c2': {'ansible_host': 'localhost', 'ansible_port': '32783', 'ansible_user': 'root', 'ansible_ssh_private_key_file': '/root/.ssh/docker_container_key', 'ansible_ssh_extra_args': '-o StrictHostKeyChecking=no'}}
2024-12-07 03:21:11,253 - INFO - Running Ansible playbook on hosts: {'container_1fd2ef3aa7c2': {'ansible_host': 'localhost', 'ansible_port': '32783', 'ansible_user': 'root', 'ansible_ssh_private_key_file': '/root/.ssh/docker_container_key', 'ansible_ssh_extra_args': '-o StrictHostKeyChecking=no'}}
2024-12-07 03:21:14,104 - INFO - Running Ansible playbook on hosts: {'container_1fd2ef3aa7c2': {'ansible_host': 'localhost', 'ansible_port': '32783', 'ansible_user': 'root', 'ansible_ssh_private_key_file': '/root/.ssh/docker_container_key', 'ansible_ssh_extra_args': '-o StrictHostKeyChecking=no'}}
2024-12-07 03:21:16,696 - INFO - Running Ansible playbook on hosts: {'container_1fd2ef3aa7c2': {'ansible_host': 'localhost', 'ansible_port': '32783', 'ansible_user': 'root', 'ansible_ssh_private_key_file': '/root/.ssh/docker_container_key', 'ansible_ssh_extra_args': '-o StrictHostKeyChecking=no'}}
2024-12-07 03:21:19,628 - INFO - Running Ansible playbook on hosts: {'container_1fd2ef3aa7c2': {'ansible_host': 'localhost', 'ansible_port': '32783', 'ansible_user': 'root', 'ansible_ssh_private_key_file': '/root/.ssh/docker_container_key', 'ansible_ssh_extra_args': '-o StrictHostKeyChecking=no'}}
2024-12-07 03:21:22,844 - INFO - Running Ansible playbook on hosts: {'container_1fd2ef3aa7c2': {'ansible_host': 'localhost', 'ansible_port': '32783', 'ansible_user': 'root', 'ansible_ssh_private_key_file': '/root/.ssh/docker_container_key', 'ansible_ssh_extra_args': '-o StrictHostKeyChecking=no'}}
2024-12-07 03:21:25,961 - INFO - Running Ansible playbook on hosts: {'container_1fd2ef3aa7c2': {'ansible_host': 'localhost', 'ansible_port': '32783', 'ansible_user': 'root', 'ansible_ssh_private_key_file': '/root/.ssh/docker_container_key', 'ansible_ssh_extra_args': '-o StrictHostKeyChecking=no'}}
2024-12-07 03:22:55,655 - ERROR - Error fetching logs: unexpected char '?' at 2553
2024-12-07 03:24:12,597 - INFO - Running Ansible playbook on hosts: {'container_1fd2ef3aa7c2': {'ansible_host': 'localhost', 'ansible_port': '32783', 'ansible_user': 'root', 'ansible_ssh_private_key_file': '/root/.ssh/docker_container_key', 'ansible_ssh_extra_args': '-o StrictHostKeyChecking=no'}}
2024-12-07 03:24:15,548 - INFO - Running Ansible playbook on hosts: {'container_1fd2ef3aa7c2': {'ansible_host': 'localhost', 'ansible_port': '32783', 'ansible_user': 'root', 'ansible_ssh_private_key_file': '/root/.ssh/docker_container_key', 'ansible_ssh_extra_args': '-o StrictHostKeyChecking=no'}}
2024-12-07 03:24:18,250 - INFO - Running Ansible playbook on hosts: {'container_1fd2ef3aa7c2': {'ansible_host': 'localhost', 'ansible_port': '32783', 'ansible_user': 'root', 'ansible_ssh_private_key_file': '/root/.ssh/docker_container_key', 'ansible_ssh_extra_args': '-o StrictHostKeyChecking=no'}}
2024-12-07 03:24:20,747 - INFO - Running Ansible playbook on hosts: {'container_1fd2ef3aa7c2': {'ansible_host': 'localhost', 'ansible_port': '32783', 'ansible_user': 'root', 'ansible_ssh_private_key_file': '/root/.ssh/docker_container_key', 'ansible_ssh_extra_args': '-o StrictHostKeyChecking=no'}}
2024-12-07 03:24:23,207 - INFO - Running Ansible playbook on hosts: {'container_1fd2ef3aa7c2': {'ansible_host': 'localhost', 'ansible_port': '32783', 'ansible_user': 'root', 'ansible_ssh_private_key_file': '/root/.ssh/docker_container_key', 'ansible_ssh_extra_args': '-o StrictHostKeyChecking=no'}}
2024-12-07 03:24:25,666 - INFO - Running Ansible playbook on hosts: {'container_1fd2ef3aa7c2': {'ansible_host': 'localhost', 'ansible_port': '32783', 'ansible_user': 'root', 'ansible_ssh_private_key_file': '/root/.ssh/docker_container_key', 'ansible_ssh_extra_args': '-o StrictHostKeyChecking=no'}}
2024-12-07 03:24:28,155 - INFO - Running Ansible playbook on hosts: {'container_1fd2ef3aa7c2': {'ansible_host': 'localhost', 'ansible_port': '32783', 'ansible_user': 'root', 'ansible_ssh_private_key_file': '/root/.ssh/docker_container_key', 'ansible_ssh_extra_args': '-o StrictHostKeyChecking=no'}}
2024-12-07 03:24:30,626 - INFO - Running Ansible playbook on hosts: {'container_1fd2ef3aa7c2': {'ansible_host': 'localhost', 'ansible_port': '32783', 'ansible_user': 'root', 'ansible_ssh_private_key_file': '/root/.ssh/docker_container_key', 'ansible_ssh_extra_args': '-o StrictHostKeyChecking=no'}}
2024-12-07 03:26:28,228 - ERROR - Error fetching logs: Missing end of comment tag
2024-12-07 03:26:28,384 - ERROR - Error fetching logs: Missing end of comment tag
2024-12-07 03:27:27,337 - ERROR - Error fetching logs: Missing end of comment tag
2024-12-07 03:29:00,412 - ERROR - Error fetching logs: Missing end of comment tag
2024-12-07 03:30:24,766 - INFO - Running Ansible playbook on hosts: {'container_1fd2ef3aa7c2': {'ansible_host': 'localhost', 'ansible_port': '32783', 'ansible_user': 'root', 'ansible_ssh_private_key_file': '/root/.ssh/docker_container_key', 'ansible_ssh_extra_args': '-o StrictHostKeyChecking=no'}}
2024-12-07 03:30:27,426 - INFO - Running Ansible playbook on hosts: {'container_1fd2ef3aa7c2': {'ansible_host': 'localhost', 'ansible_port': '32783', 'ansible_user': 'root', 'ansible_ssh_private_key_file': '/root/.ssh/docker_container_key', 'ansible_ssh_extra_args': '-o StrictHostKeyChecking=no'}}
2024-12-07 03:30:29,907 - INFO - Running Ansible playbook on hosts: {'container_1fd2ef3aa7c2': {'ansible_host': 'localhost', 'ansible_port': '32783', 'ansible_user': 'root', 'ansible_ssh_private_key_file': '/root/.ssh/docker_container_key', 'ansible_ssh_extra_args': '-o StrictHostKeyChecking=no'}}
2024-12-07 03:30:32,416 - INFO - Running Ansible playbook on hosts: {'container_1fd2ef3aa7c2': {'ansible_host': 'localhost', 'ansible_port': '32783', 'ansible_user': 'root', 'ansible_ssh_private_key_file': '/root/.ssh/docker_container_key', 'ansible_ssh_extra_args': '-o StrictHostKeyChecking=no'}}
2024-12-07 03:30:35,778 - INFO - Running Ansible playbook on hosts: {'container_1fd2ef3aa7c2': {'ansible_host': 'localhost', 'ansible_port': '32783', 'ansible_user': 'root', 'ansible_ssh_private_key_file': '/root/.ssh/docker_container_key', 'ansible_ssh_extra_args': '-o StrictHostKeyChecking=no'}}
2024-12-07 03:30:38,711 - INFO - Running Ansible playbook on hosts: {'container_1fd2ef3aa7c2': {'ansible_host': 'localhost', 'ansible_port': '32783', 'ansible_user': 'root', 'ansible_ssh_private_key_file': '/root/.ssh/docker_container_key', 'ansible_ssh_extra_args': '-o StrictHostKeyChecking=no'}}
2024-12-07 03:30:41,548 - INFO - Running Ansible playbook on hosts: {'container_1fd2ef3aa7c2': {'ansible_host': 'localhost', 'ansible_port': '32783', 'ansible_user': 'root', 'ansible_ssh_private_key_file': '/root/.ssh/docker_container_key', 'ansible_ssh_extra_args': '-o StrictHostKeyChecking=no'}}
2024-12-07 03:30:44,013 - INFO - Running Ansible playbook on hosts: {'container_1fd2ef3aa7c2': {'ansible_host': 'localhost', 'ansible_port': '32783', 'ansible_user': 'root', 'ansible_ssh_private_key_file': '/root/.ssh/docker_container_key', 'ansible_ssh_extra_args': '-o StrictHostKeyChecking=no'}}
2024-12-07 03:33:37,037 - INFO - Running Ansible playbook on hosts: {'container_1fd2ef3aa7c2': {'ansible_host': 'localhost', 'ansible_port': '32783', 'ansible_user': 'root', 'ansible_ssh_private_key_file': '/root/.ssh/docker_container_key', 'ansible_ssh_extra_args': '-o StrictHostKeyChecking=no'}}
2024-12-07 03:33:40,377 - INFO - Running Ansible playbook on hosts: {'container_1fd2ef3aa7c2': {'ansible_host': 'localhost', 'ansible_port': '32783', 'ansible_user': 'root', 'ansible_ssh_private_key_file': '/root/.ssh/docker_container_key', 'ansible_ssh_extra_args': '-o StrictHostKeyChecking=no'}}
2024-12-07 03:33:44,456 - INFO - Running Ansible playbook on hosts: {'container_1fd2ef3aa7c2': {'ansible_host': 'localhost', 'ansible_port': '32783', 'ansible_user': 'root', 'ansible_ssh_private_key_file': '/root/.ssh/docker_container_key', 'ansible_ssh_extra_args': '-o StrictHostKeyChecking=no'}}
2024-12-07 03:33:49,244 - INFO - Running Ansible playbook on hosts: {'container_1fd2ef3aa7c2': {'ansible_host': 'localhost', 'ansible_port': '32783', 'ansible_user': 'root', 'ansible_ssh_private_key_file': '/root/.ssh/docker_container_key', 'ansible_ssh_extra_args': '-o StrictHostKeyChecking=no'}}
2024-12-07 03:33:53,863 - INFO - Running Ansible playbook on hosts: {'container_1fd2ef3aa7c2': {'ansible_host': 'localhost', 'ansible_port': '32783', 'ansible_user': 'root', 'ansible_ssh_private_key_file': '/root/.ssh/docker_container_key', 'ansible_ssh_extra_args': '-o StrictHostKeyChecking=no'}}
2024-12-07 03:33:59,194 - INFO - Running Ansible playbook on hosts: {'container_1fd2ef3aa7c2': {'ansible_host': 'localhost', 'ansible_port': '32783', 'ansible_user': 'root', 'ansible_ssh_private_key_file': '/root/.ssh/docker_container_key', 'ansible_ssh_extra_args': '-o StrictHostKeyChecking=no'}}
2024-12-07 03:34:04,615 - INFO - Running Ansible playbook on hosts: {'container_1fd2ef3aa7c2': {'ansible_host': 'localhost', 'ansible_port': '32783', 'ansible_user': 'root', 'ansible_ssh_private_key_file': '/root/.ssh/docker_container_key', 'ansible_ssh_extra_args': '-o StrictHostKeyChecking=no'}}
2024-12-07 03:34:10,173 - INFO - Running Ansible playbook on hosts: {'container_1fd2ef3aa7c2': {'ansible_host': 'localhost', 'ansible_port': '32783', 'ansible_user': 'root', 'ansible_ssh_private_key_file': '/root/.ssh/docker_container_key', 'ansible_ssh_extra_args': '-o StrictHostKeyChecking=no'}}
2024-12-07 03:34:40,623 - INFO - Running Ansible playbook on hosts: {'container_1fd2ef3aa7c2': {'ansible_host': 'localhost', 'ansible_port': '32783', 'ansible_user': 'root', 'ansible_ssh_private_key_file': '/root/.ssh/docker_container_key', 'ansible_ssh_extra_args': '-o StrictHostKeyChecking=no'}}
2024-12-07 03:34:43,682 - INFO - Running Ansible playbook on hosts: {'container_1fd2ef3aa7c2': {'ansible_host': 'localhost', 'ansible_port': '32783', 'ansible_user': 'root', 'ansible_ssh_private_key_file': '/root/.ssh/docker_container_key', 'ansible_ssh_extra_args': '-o StrictHostKeyChecking=no'}}
2024-12-07 03:34:47,403 - INFO - Running Ansible playbook on hosts: {'container_1fd2ef3aa7c2': {'ansible_host': 'localhost', 'ansible_port': '32783', 'ansible_user': 'root', 'ansible_ssh_private_key_file': '/root/.ssh/docker_container_key', 'ansible_ssh_extra_args': '-o StrictHostKeyChecking=no'}}
2024-12-07 03:34:50,617 - INFO - Running Ansible playbook on hosts: {'container_1fd2ef3aa7c2': {'ansible_host': 'localhost', 'ansible_port': '32783', 'ansible_user': 'root', 'ansible_ssh_private_key_file': '/root/.ssh/docker_container_key', 'ansible_ssh_extra_args': '-o StrictHostKeyChecking=no'}}
2024-12-07 03:34:53,114 - INFO - Running Ansible playbook on hosts: {'container_1fd2ef3aa7c2': {'ansible_host': 'localhost', 'ansible_port': '32783', 'ansible_user': 'root', 'ansible_ssh_private_key_file': '/root/.ssh/docker_container_key', 'ansible_ssh_extra_args': '-o StrictHostKeyChecking=no'}}
2024-12-07 03:34:56,161 - INFO - Running Ansible playbook on hosts: {'container_1fd2ef3aa7c2': {'ansible_host': 'localhost', 'ansible_port': '32783', 'ansible_user': 'root', 'ansible_ssh_private_key_file': '/root/.ssh/docker_container_key', 'ansible_ssh_extra_args': '-o StrictHostKeyChecking=no'}}
2024-12-07 03:34:59,691 - INFO - Running Ansible playbook on hosts: {'container_1fd2ef3aa7c2': {'ansible_host': 'localhost', 'ansible_port': '32783', 'ansible_user': 'root', 'ansible_ssh_private_key_file': '/root/.ssh/docker_container_key', 'ansible_ssh_extra_args': '-o StrictHostKeyChecking=no'}}
2024-12-07 03:35:03,839 - INFO - Running Ansible playbook on hosts: {'container_1fd2ef3aa7c2': {'ansible_host': 'localhost', 'ansible_port': '32783', 'ansible_user': 'root', 'ansible_ssh_private_key_file': '/root/.ssh/docker_container_key', 'ansible_ssh_extra_args': '-o StrictHostKeyChecking=no'}}
2024-12-07 03:37:40,652 - INFO - Received SIGINT (Ctrl+C), cleaning up...
2024-12-07 03:37:40,971 - INFO - spawned container 1fd2ef3aa7c2 stopped
2024-12-07 03:37:40,972 - INFO - Cleanup complete.
